<?xml version="1.0" encoding="UTF-8"?>
<!-- Generated by org.testng.reporters.JUnitReportReporter -->
<testsuite hostname="Prasath17" failures="0" tests="3" name="api.TestCase.DDT_Test1" time="6.640" errors="0" timestamp="2023-07-19T16:49:23 IST" skipped="0">
  <testcase classname="api.TestCase.DDT_Test1" name="testpostuser" time="1.478"/>
  <system-out/>
  <testcase classname="api.TestCase.DDT_Test1" name="testpostuser" time="3.718"/>
  <system-out/>
  <testcase classname="api.TestCase.DDT_Test1" name="testpostuser" time="1.444"/>
  <system-out/>
</testsuite> <!-- api.TestCase.DDT_Test1 -->
