<?xml version="1.0" encoding="UTF-8"?>
<!-- Generated by org.testng.reporters.JUnitReportReporter -->
<testsuite hostname="Prasath17" failures="0" tests="4" name="api.TestCase.UserTests" time="9.962" errors="0" timestamp="2023-07-19T16:37:00 IST" skipped="0">
  <testcase classname="api.TestCase.UserTests" name="testpostuser" time="3.985"/>
  <system-out/>
  <testcase classname="api.TestCase.UserTests" name="testGetUserByName" time="1.471"/>
  <system-out/>
  <testcase classname="api.TestCase.UserTests" name="updateusername" time="3.051"/>
  <system-out/>
  <testcase classname="api.TestCase.UserTests" name="testdeleteUserByName" time="1.455"/>
  <system-out/>
</testsuite> <!-- api.TestCase.UserTests -->
