<?xml version="1.0" encoding="UTF-8"?>
<!-- Generated by org.testng.reporters.JUnitReportReporter -->
<testsuite hostname="Prasath17" failures="0" tests="4" name="api.TestCase.UserTest2" time="7.280" errors="0" timestamp="2023-07-19T17:07:45 IST" skipped="0">
  <testcase classname="api.TestCase.UserTest2" name="testpostuser" time="1.623"/>
  <system-out/>
  <testcase classname="api.TestCase.UserTest2" name="testGetUserByName" time="1.425"/>
  <system-out/>
  <testcase classname="api.TestCase.UserTest2" name="updateusername" time="2.833"/>
  <system-out/>
  <testcase classname="api.TestCase.UserTest2" name="testdeleteUserByName" time="1.399"/>
  <system-out/>
</testsuite> <!-- api.TestCase.UserTest2 -->
