<?xml version="1.0" encoding="UTF-8"?>
<!-- Generated by org.testng.reporters.JUnitReportReporter -->
<testsuite hostname="Prasath17" failures="0" tests="3" name="api.TestCase.DDT_Test1" time="7.694" errors="0" timestamp="2023-07-19T17:07:45 IST" skipped="0">
  <testcase classname="api.TestCase.DDT_Test1" name="testpostuser" time="1.388"/>
  <system-out/>
  <testcase classname="api.TestCase.DDT_Test1" name="testpostuser" time="1.542"/>
  <system-out/>
  <testcase classname="api.TestCase.DDT_Test1" name="testpostuser" time="4.764"/>
  <system-out/>
</testsuite> <!-- api.TestCase.DDT_Test1 -->
